<?xml version="1.0" encoding="UTF-8"?>
<!-- Generated by org.testng.reporters.JUnitReportReporter -->
<testsuite hostname="DESKTOP-G6M7NQV" name="com.test.selenium.SeleniumProject.EcommerceLoginTestNg" tests="1" failures="0" timestamp="7 Aug 2018 02:19:52 GMT" time="35.859" errors="0">
  <testcase name="testLoginWithScuccessScenrio" time="35.859" classname="com.test.selenium.SeleniumProject.EcommerceLoginTestNg"/>
</testsuite> <!-- com.test.selenium.SeleniumProject.EcommerceLoginTestNg -->
